<?xml version="1.0" encoding="UTF-8"?>
<testsuite name="test1"
           tests="6"
           failures="0"
           errors="0"
           skipped="0"
           time="0.002">
  <properties />
  
  
            <testcase name="testMethod1" time="0.000" classname="com.pragmatic.testNG.TestNGExample6" />
                <testcase name="testMethod2" time="0.000" classname="com.pragmatic.testNG.TestNGExample6" />
                <testcase name="beforeClass" time="0.002" classname="com.pragmatic.testNG.TestNGExample6" />
                <testcase name="testMetho4" time="0.000" classname="com.pragmatic.testNG.TestNGExample6" />
                <testcase name="testMethod3" time="0.000" classname="com.pragmatic.testNG.TestNGExample6" />
                <testcase name="afterClass" time="0.000" classname="com.pragmatic.testNG.TestNGExample6" />
      
</testsuite>
