<?xml version="1.0" encoding="UTF-8"?>
<testsuite name="test1"
           tests="4"
           failures="0"
           errors="0"
           skipped="0"
           time="0.003">
  <properties />
  
  
            <testcase name="testMethod2" time="0.001" classname="com.pragmatic.testNG.TestNGExample10" />
                <testcase name="testMethod1" time="0.001" classname="com.pragmatic.testNG.TestNGExample10" />
                <testcase name="testMetho41" time="0.000" classname="com.pragmatic.testNG.TestNGExample10" />
                <testcase name="testMethod3" time="0.001" classname="com.pragmatic.testNG.TestNGExample10" />
      
</testsuite>
